<?xml version="1.0" encoding="UTF-8" ?>
<testsuite tests="120" failures="4" name="step_definitions.RunCukesTest" time="4.511" errors="2" skipped="0">
  <properties>
[...]
</properties>
  <testcase classname="Scenario: User upload new course with complete data" name="Given User already on musiclab website" time="0.003"/>
  <testcase classname="Scenario: User upload new course with complete data" name="When User click login menu on musiclab website" time="0"/>
  <testcase classname="Scenario: User upload new course with complete data" name="Then User already in login page" time="0"/>
  <testcase classname="Scenario: User upload new course with complete data" name="And User input &quot;nagita123@gmail.com&quot; as email, input &quot;adminmentor3&quot; as password and select &quot;Mentor&quot; as role" time="0"/>
  <testcase classname="Scenario: User upload new course with complete data" name="And User click the login button" time="0"/>
  <testcase classname="Scenario: User upload new course with complete data" name="And User will get the pop up message &quot;login success&quot;" time="0"/>
  <testcase classname="Scenario: User upload new course with complete data" name="And User will direct to homepage" time="0"/>
  <testcase classname="Scenario: User upload new course with complete data" name="And User click the profile menu on homepage" time="0"/>
  <testcase classname="Scenario: User upload new course with complete data" name="And User already in profile mentor page" time="0"/>
  <testcase classname="Scenario: User upload new course with complete data" name="And User click Kursus Saya menu on profile page" time="0"/>
  <testcase classname="Scenario: User upload new course with complete data" name="And User will direct to Course page" time="0"/>
  <testcase classname="Scenario: User upload new course with complete data" name="And User click the Upload New Course menu on Course page" time="0"/>
  <testcase classname="Scenario: User upload new course with complete data" name="And User will direct to Upload Kursus page" time="0"/>
  <testcase classname="Scenario: User upload new course with complete data" name="And User click the Choose File button to edit profile picture" time="0"/>
  <testcase classname="Scenario: User upload new course with complete data" name="And User input &quot;Biola Pemula Mahasiswa&quot; as Judul Kursus, select &quot;Basic&quot; on Tingkatan Khusus/Level field, &quot;Khusus untuk pemula tingkat mahasiswa&quot; as Deskripsi Khusus, &quot;Mengetahui kunci dasar biola&quot; as Apa yang akan dipelajari, &quot;Mempunyai Biola sendiri&quot; as Prasyarat Khusus, &quot;Mahasiswa&quot; as Untuk siapa khursus ini, &quot;1000000&quot; as Harga khusus, &quot;1&quot; as duration" time="0"/>
  <testcase classname="Scenario: User upload new course with complete data" name="And User click Upload Kursus button" time="0"/>
  <testcase classname="Scenario: User upload new course with complete data" name="Then User will get the pop up message &quot;success make a class&quot;" time="0"/>
  <testcase classname="Scenario: User upload new course with complete data" name="Scenario: User upload new course with complete data" time="1.062"/>
  <testcase classname="Scenario: User cancel to upload new course" name="Given User already on musiclab website" time="0"/>
  <testcase classname="Scenario: User cancel to upload new course" name="When User click login menu on musiclab website" time="0"/>
  <testcase classname="Scenario: User cancel to upload new course" name="Then User already in login page" time="0.024"/>
  <testcase classname="Scenario: User cancel to upload new course" name="And User input &quot;nagita123@gmail.com&quot; as email, input &quot;adminmentor3&quot; as password and select &quot;Mentor&quot; as role" time="0"/>
  <testcase classname="Scenario: User cancel to upload new course" name="And User click the login button" time="0"/>
  <testcase classname="Scenario: User cancel to upload new course" name="And User will get the pop up message &quot;login success&quot;" time="0"/>
  <testcase classname="Scenario: User cancel to upload new course" name="And User will direct to homepage" time="0"/>
  <testcase classname="Scenario: User cancel to upload new course" name="And User click the profile menu on homepage" time="0"/>
  <testcase classname="Scenario: User cancel to upload new course" name="And User already in profile mentor page" time="0"/>
  <testcase classname="Scenario: User cancel to upload new course" name="And User click Kursus Saya menu on profile page" time="0"/>
  <testcase classname="Scenario: User cancel to upload new course" name="And User will direct to Course page" time="0"/>
  <testcase classname="Scenario: User cancel to upload new course" name="And User click the Upload New Course menu on Course page" time="0"/>
  <testcase classname="Scenario: User cancel to upload new course" name="And User will direct to Upload Kursus page" time="0.001"/>
  <testcase classname="Scenario: User cancel to upload new course" name="And User click Cancel on Upload Kursus Page" time="0"/>
  <testcase classname="Scenario: User cancel to upload new course" name="Then User will direct to Course page" time="0"/>
  <testcase classname="Scenario: User cancel to upload new course" name="Scenario: User cancel to upload new course" time="1.146"/>
  <testcase classname="| Biola Pemula Mahasiswa |  | Basic |  |  |  | Mengetahui kunci dasar |  | Mempunyai Biola |  | Mahasiswa |  | 1000000 |  | 1 |  |" name="Given User already on musiclab website" time="0"/>
  <testcase classname="| Biola Pemula Mahasiswa |  | Basic |  |  |  | Mengetahui kunci dasar |  | Mempunyai Biola |  | Mahasiswa |  | 1000000 |  | 1 |  |" name="When User click login menu on musiclab website" time="0"/>
  <testcase classname="| Biola Pemula Mahasiswa |  | Basic |  |  |  | Mengetahui kunci dasar |  | Mempunyai Biola |  | Mahasiswa |  | 1000000 |  | 1 |  |" name="Then User already in login page" time="0"/>
  <testcase classname="| Biola Pemula Mahasiswa |  | Basic |  |  |  | Mengetahui kunci dasar |  | Mempunyai Biola |  | Mahasiswa |  | 1000000 |  | 1 |  |" name="And User input &quot;nagita123@gmail.com&quot; as email, input &quot;adminmentor3&quot; as password and select &quot;Mentor&quot; as role" time="0"/>
  <testcase classname="| Biola Pemula Mahasiswa |  | Basic |  |  |  | Mengetahui kunci dasar |  | Mempunyai Biola |  | Mahasiswa |  | 1000000 |  | 1 |  |" name="And User click the login button" time="0"/>
  <testcase classname="| Biola Pemula Mahasiswa |  | Basic |  |  |  | Mengetahui kunci dasar |  | Mempunyai Biola |  | Mahasiswa |  | 1000000 |  | 1 |  |" name="And User will get the pop up message &quot;login success&quot;" time="0"/>
  <testcase classname="| Biola Pemula Mahasiswa |  | Basic |  |  |  | Mengetahui kunci dasar |  | Mempunyai Biola |  | Mahasiswa |  | 1000000 |  | 1 |  |" name="And User will direct to homepage" time="0"/>
  <testcase classname="| Biola Pemula Mahasiswa |  | Basic |  |  |  | Mengetahui kunci dasar |  | Mempunyai Biola |  | Mahasiswa |  | 1000000 |  | 1 |  |" name="And User click the profile menu on homepage" time="0"/>
  <testcase classname="| Biola Pemula Mahasiswa |  | Basic |  |  |  | Mengetahui kunci dasar |  | Mempunyai Biola |  | Mahasiswa |  | 1000000 |  | 1 |  |" name="And User already in profile mentor page" time="0"/>
  <testcase classname="| Biola Pemula Mahasiswa |  | Basic |  |  |  | Mengetahui kunci dasar |  | Mempunyai Biola |  | Mahasiswa |  | 1000000 |  | 1 |  |" name="And User click Kursus Saya menu on profile page" time="0"/>
  <testcase classname="| Biola Pemula Mahasiswa |  | Basic |  |  |  | Mengetahui kunci dasar |  | Mempunyai Biola |  | Mahasiswa |  | 1000000 |  | 1 |  |" name="And User will direct to Course page" time="0"/>
  <testcase classname="| Biola Pemula Mahasiswa |  | Basic |  |  |  | Mengetahui kunci dasar |  | Mempunyai Biola |  | Mahasiswa |  | 1000000 |  | 1 |  |" name="And User click the Upload New Course menu on Course page" time="0"/>
  <testcase classname="| Biola Pemula Mahasiswa |  | Basic |  |  |  | Mengetahui kunci dasar |  | Mempunyai Biola |  | Mahasiswa |  | 1000000 |  | 1 |  |" name="And User will direct to Upload Kursus page" time="0"/>
  <testcase classname="| Biola Pemula Mahasiswa |  | Basic |  |  |  | Mengetahui kunci dasar |  | Mempunyai Biola |  | Mahasiswa |  | 1000000 |  | 1 |  |" name="And User click the Choose File button to edit profile picture" time="0.001"/>
  <testcase classname="| Biola Pemula Mahasiswa |  | Basic |  |  |  | Mengetahui kunci dasar |  | Mempunyai Biola |  | Mahasiswa |  | 1000000 |  | 1 |  |" name="And User input &quot;Biola Pemula Mahasiswa&quot; as Judul Kursus, select &quot;Basic&quot; on Tingkatan Khusus/Level field, &quot;&quot; as Deskripsi Khusus, &quot;Mengetahui kunci dasar&quot; as Apa yang akan dipelajari, &quot;Mempunyai Biola&quot; as Prasyarat Khusus, &quot;Mahasiswa&quot; as Untuk siapa khursus ini, &quot;1000000&quot; as Harga khusus, &quot;1&quot; as duration" time="0"/>
  <testcase classname="| Biola Pemula Mahasiswa |  | Basic |  |  |  | Mengetahui kunci dasar |  | Mempunyai Biola |  | Mahasiswa |  | 1000000 |  | 1 |  |" name="And User click Upload Kursus button" time="0.001"/>
  <testcase classname="| Biola Pemula Mahasiswa |  | Basic |  |  |  | Mengetahui kunci dasar |  | Mempunyai Biola |  | Mahasiswa |  | 1000000 |  | 1 |  |" name="Then User will get the pop up message &quot;unable to process data&quot;" time="0.125">
    <failure message="expected:&lt;[unable to process data]&gt; but was:&lt;[success make a class]&gt;" type="org.junit.ComparisonFailure">org.junit.ComparisonFailure: expected:&lt;[unable to process data]&gt; but was:&lt;[success make a class]&gt;
	at org.junit.Assert.assertEquals(Assert.java:117)
	at org.junit.Assert.assertEquals(Assert.java:146)
	at step_definitions.RegisterSteps.verifyPopupMessage(RegisterSteps.java:66)
	at ✽.Then User will get the pop up message &quot;unable to process data&quot;(features/UploadEditCourse.feature:59)
</failure>
  </testcase>
  <testcase classname="| Biola Pemula Mahasiswa |  | Basic |  |  |  | Mengetahui kunci dasar |  | Mempunyai Biola |  | Mahasiswa |  | 1000000 |  | 1 |  |" name="| Biola Pemula Mahasiswa |  | Basic |  |  |  | Mengetahui kunci dasar |  | Mempunyai Biola |  | Mahasiswa |  | 1000000 |  | 1 |  |" time="0.178">
    <failure message="expected:&lt;[unable to process data]&gt; but was:&lt;[success make a class]&gt;" type="org.junit.ComparisonFailure">org.junit.ComparisonFailure: expected:&lt;[unable to process data]&gt; but was:&lt;[success make a class]&gt;
	at org.junit.Assert.assertEquals(Assert.java:117)
	at org.junit.Assert.assertEquals(Assert.java:146)
	at step_definitions.RegisterSteps.verifyPopupMessage(RegisterSteps.java:66)
	at ✽.Then User will get the pop up message &quot;unable to process data&quot;(features/UploadEditCourse.feature:59)
</failure>
  </testcase>
  <testcase classname="Scenario: User upload new course without upload picture" name="Given User already on musiclab website" time="0"/>
  <testcase classname="Scenario: User upload new course without upload picture" name="When User click login menu on musiclab website" time="0.009"/>
  <testcase classname="Scenario: User upload new course without upload picture" name="Then User already in login page" time="0"/>
  <testcase classname="Scenario: User upload new course without upload picture" name="And User input &quot;nagita123@gmail.com&quot; as email, input &quot;adminmentor3&quot; as password and select &quot;Mentor&quot; as role" time="0"/>
  <testcase classname="Scenario: User upload new course without upload picture" name="And User click the login button" time="0"/>
  <testcase classname="Scenario: User upload new course without upload picture" name="And User will get the pop up message &quot;login success&quot;" time="0"/>
  <testcase classname="Scenario: User upload new course without upload picture" name="And User will direct to homepage" time="0"/>
  <testcase classname="Scenario: User upload new course without upload picture" name="And User click the profile menu on homepage" time="0"/>
  <testcase classname="Scenario: User upload new course without upload picture" name="And User already in profile mentor page" time="0"/>
  <testcase classname="Scenario: User upload new course without upload picture" name="And User click Kursus Saya menu on profile page" time="0"/>
  <testcase classname="Scenario: User upload new course without upload picture" name="And User will direct to Course page" time="0"/>
  <testcase classname="Scenario: User upload new course without upload picture" name="And User click the Upload New Course menu on Course page" time="0"/>
  <testcase classname="Scenario: User upload new course without upload picture" name="And User will direct to Upload Kursus page" time="0"/>
  <testcase classname="Scenario: User upload new course without upload picture" name="And User input &quot;Biola Pemula Mahasiswa&quot; as Judul Kursus, select &quot;Basic&quot; on Tingkatan Khusus/Level field, &quot;Khusus untuk pemula tingkat mahasiswa&quot; as Deskripsi Khusus, &quot;Mengetahui kunci dasar biola&quot; as Apa yang akan dipelajari, &quot;Mempunyai Biola sendiri&quot; as Prasyarat Khusus, &quot;Mahasiswa&quot; as Untuk siapa khursus ini, &quot;1000000&quot; as Harga khusus, &quot;1&quot; as duration" time="0"/>
  <testcase classname="Scenario: User upload new course without upload picture" name="And User click Upload Kursus button" time="0"/>
  <testcase classname="Scenario: User upload new course without upload picture" name="Then User will get the pop up message &quot;success make a class&quot;" time="0"/>
  <testcase classname="Scenario: User upload new course without upload picture" name="Scenario: User upload new course without upload picture" time="0.739"/>
  <testcase classname="Scenario: User do edit the course data" name="Given User already on musiclab website" time="0"/>
  <testcase classname="Scenario: User do edit the course data" name="When User click login menu on musiclab website" time="0"/>
  <testcase classname="Scenario: User do edit the course data" name="Then User already in login page" time="0"/>
  <testcase classname="Scenario: User do edit the course data" name="And User input &quot;nagita123@gmail.com&quot; as email, input &quot;adminmentor3&quot; as password and select &quot;Mentor&quot; as role" time="0.03"/>
  <testcase classname="Scenario: User do edit the course data" name="And User click the login button" time="0"/>
  <testcase classname="Scenario: User do edit the course data" name="And User will get the pop up message &quot;login success&quot;" time="0"/>
  <testcase classname="Scenario: User do edit the course data" name="And User will direct to homepage" time="0"/>
  <testcase classname="Scenario: User do edit the course data" name="And User click the profile menu on homepage" time="0"/>
  <testcase classname="Scenario: User do edit the course data" name="And User already in profile mentor page" time="0"/>
  <testcase classname="Scenario: User do edit the course data" name="And User click Kursus Saya menu on profile page" time="0"/>
  <testcase classname="Scenario: User do edit the course data" name="And User will direct to Course page" time="0"/>
  <testcase classname="Scenario: User do edit the course data" name="And User click edit button for Piano - Advance Class on course list" time="0"/>
  <testcase classname="Scenario: User do edit the course data" name="And User will direct to Upload Kursus page" time="0"/>
  <testcase classname="Scenario: User do edit the course data" name="And User edit the &quot;3000000&quot; as Harga Khusus field" time="0"/>
  <testcase classname="Scenario: User do edit the course data" name="And User click Update Kursus button" time="0"/>
  <testcase classname="Scenario: User do edit the course data" name="Then User will get the pop up message &quot;success edit class&quot;" time="0"/>
  <testcase classname="Scenario: User do edit the course data" name="Scenario: User do edit the course data" time="0.726"/>
  <testcase classname="Scenario: User do edit the course data with empty data" name="Given User already on musiclab website" time="0"/>
  <testcase classname="Scenario: User do edit the course data with empty data" name="When User click login menu on musiclab website" time="0"/>
  <testcase classname="Scenario: User do edit the course data with empty data" name="Then User already in login page" time="0"/>
  <testcase classname="Scenario: User do edit the course data with empty data" name="And User input &quot;nagita123@gmail.com&quot; as email, input &quot;adminmentor3&quot; as password and select &quot;Mentor&quot; as role" time="0"/>
  <testcase classname="Scenario: User do edit the course data with empty data" name="And User click the login button" time="0"/>
  <testcase classname="Scenario: User do edit the course data with empty data" name="And User will get the pop up message &quot;login success&quot;" time="0"/>
  <testcase classname="Scenario: User do edit the course data with empty data" name="And User will direct to homepage" time="0"/>
  <testcase classname="Scenario: User do edit the course data with empty data" name="And User click the profile menu on homepage" time="0"/>
  <testcase classname="Scenario: User do edit the course data with empty data" name="And User already in profile mentor page" time="0"/>
  <testcase classname="Scenario: User do edit the course data with empty data" name="And User click Kursus Saya menu on profile page" time="0"/>
  <testcase classname="Scenario: User do edit the course data with empty data" name="And User will direct to Course page" time="0"/>
  <testcase classname="Scenario: User do edit the course data with empty data" name="And User click edit button for Piano - Advance Class on course list" time="0"/>
  <testcase classname="Scenario: User do edit the course data with empty data" name="And User will direct to Upload Kursus page" time="0"/>
  <testcase classname="Scenario: User do edit the course data with empty data" name="And User edit the Harga Khusus field to empty field" time="0"/>
  <testcase classname="Scenario: User do edit the course data with empty data" name="And User click Update Kursus button" time="0"/>
  <testcase classname="Scenario: User do edit the course data with empty data" name="Then User will get the pop up message &quot;unable to process data&quot;" time="0">
    <failure message="expected:&lt;[unable to process data]&gt; but was:&lt;[success edit class]&gt;" type="org.junit.ComparisonFailure">org.junit.ComparisonFailure: expected:&lt;[unable to process data]&gt; but was:&lt;[success edit class]&gt;
	at org.junit.Assert.assertEquals(Assert.java:117)
	at org.junit.Assert.assertEquals(Assert.java:146)
	at step_definitions.RegisterSteps.verifyPopupMessage(RegisterSteps.java:66)
	at ✽.Then User will get the pop up message &quot;unable to process data&quot;(features/UploadEditCourse.feature:119)
</failure>
  </testcase>
  <testcase classname="Scenario: User do edit the course data with empty data" name="Scenario: User do edit the course data with empty data" time="0.001">
    <failure message="expected:&lt;[unable to process data]&gt; but was:&lt;[success edit class]&gt;" type="org.junit.ComparisonFailure">org.junit.ComparisonFailure: expected:&lt;[unable to process data]&gt; but was:&lt;[success edit class]&gt;
	at org.junit.Assert.assertEquals(Assert.java:117)
	at org.junit.Assert.assertEquals(Assert.java:146)
	at step_definitions.RegisterSteps.verifyPopupMessage(RegisterSteps.java:66)
	at ✽.Then User will get the pop up message &quot;unable to process data&quot;(features/UploadEditCourse.feature:119)
</failure>
  </testcase>
  <testcase classname="Scenario: User do edit the profile picture" name="Given User already on musiclab website" time="0"/>
  <testcase classname="Scenario: User do edit the profile picture" name="When User click login menu on musiclab website" time="0.018"/>
  <testcase classname="Scenario: User do edit the profile picture" name="Then User already in login page" time="0"/>
  <testcase classname="Scenario: User do edit the profile picture" name="And User input &quot;nagita123@gmail.com&quot; as email, input &quot;adminmentor3&quot; as password and select &quot;Mentor&quot; as role" time="0"/>
  <testcase classname="Scenario: User do edit the profile picture" name="And User click the login button" time="0"/>
  <testcase classname="Scenario: User do edit the profile picture" name="And User will get the pop up message &quot;login success&quot;" time="0"/>
  <testcase classname="Scenario: User do edit the profile picture" name="And User will direct to homepage" time="0"/>
  <testcase classname="Scenario: User do edit the profile picture" name="And User click the profile menu on homepage" time="0"/>
  <testcase classname="Scenario: User do edit the profile picture" name="And User already in profile mentor page" time="0"/>
  <testcase classname="Scenario: User do edit the profile picture" name="And User click Kursus Saya menu on profile page" time="0"/>
  <testcase classname="Scenario: User do edit the profile picture" name="And User will direct to Course page" time="0"/>
  <testcase classname="Scenario: User do edit the profile picture" name="And User click edit button for Piano - Advance Class on course list" time="0"/>
  <testcase classname="Scenario: User do edit the profile picture" name="And User will direct to Upload Kursus page" time="0"/>
  <testcase classname="Scenario: User do edit the profile picture" name="And User click the Choose File button to edit profile picture" time="0"/>
  <testcase classname="Scenario: User do edit the profile picture" name="And User click Update Kursus button" time="0"/>
  <testcase classname="Scenario: User do edit the profile picture" name="Then User will get the pop up message &quot;success edit class&quot;" time="0.212">
    <error message="no such element: Unable to locate element: {&quot;method&quot;:&quot;xpath&quot;,&quot;selector&quot;:&quot;//div[@class=&apos;swal2-html-container&apos;]&quot;}
  (Session info: chrome=114.0.5735.134)
For documentation on this error, please visit: https://selenium.dev/exceptions/#no_such_element
Build info: version: &apos;4.1.2&apos;, revision: &apos;9a5a329c5a&apos;
System info: host: &apos;DINDATASYA&apos;, ip: &apos;192.168.100.33&apos;, os.name: &apos;Windows 10&apos;, os.arch: &apos;amd64&apos;, os.version: &apos;10.0&apos;, java.version: &apos;1.8.0_361&apos;
Driver info: org.openqa.selenium.chrome.ChromeDriver
Command: [66448b8f24273e6005537b2881de7838, findElement {using=xpath, value=//div[@class=&apos;swal2-html-container&apos;]}]
Capabilities {acceptInsecureCerts: false, browserName: chrome, browserVersion: 114.0.5735.134, chrome: {chromedriverVersion: 114.0.5735.90 (386bc09e8f4f..., userDataDir: C:\Users\user\AppData\Local...}, goog:chromeOptions: {debuggerAddress: localhost:59527}, javascriptEnabled: true, networkConnectionEnabled: false, pageLoadStrategy: normal, platform: WINDOWS, platformName: WINDOWS, proxy: Proxy(), se:cdp: ws://localhost:59527/devtoo..., se:cdpVersion: 114.0.5735.134, setWindowRect: true, strictFileInteractability: false, timeouts: {implicit: 0, pageLoad: 300000, script: 30000}, unhandledPromptBehavior: dismiss and notify, webauthn:extension:credBlob: true, webauthn:extension:largeBlob: true, webauthn:extension:minPinLength: true, webauthn:extension:prf: true, webauthn:virtualAuthenticators: true}
Session ID: 66448b8f24273e6005537b2881de7838" type="org.openqa.selenium.NoSuchElementException">org.openqa.selenium.NoSuchElementException: no such element: Unable to locate element: {&quot;method&quot;:&quot;xpath&quot;,&quot;selector&quot;:&quot;//div[@class=&apos;swal2-html-container&apos;]&quot;}
  (Session info: chrome=114.0.5735.134)
For documentation on this error, please visit: https://selenium.dev/exceptions/#no_such_element
Build info: version: &apos;4.1.2&apos;, revision: &apos;9a5a329c5a&apos;
System info: host: &apos;DINDATASYA&apos;, ip: &apos;192.168.100.33&apos;, os.name: &apos;Windows 10&apos;, os.arch: &apos;amd64&apos;, os.version: &apos;10.0&apos;, java.version: &apos;1.8.0_361&apos;
Driver info: org.openqa.selenium.chrome.ChromeDriver
Command: [66448b8f24273e6005537b2881de7838, findElement {using=xpath, value=//div[@class=&apos;swal2-html-container&apos;]}]
Capabilities {acceptInsecureCerts: false, browserName: chrome, browserVersion: 114.0.5735.134, chrome: {chromedriverVersion: 114.0.5735.90 (386bc09e8f4f..., userDataDir: C:\Users\user\AppData\Local...}, goog:chromeOptions: {debuggerAddress: localhost:59527}, javascriptEnabled: true, networkConnectionEnabled: false, pageLoadStrategy: normal, platform: WINDOWS, platformName: WINDOWS, proxy: Proxy(), se:cdp: ws://localhost:59527/devtoo..., se:cdpVersion: 114.0.5735.134, setWindowRect: true, strictFileInteractability: false, timeouts: {implicit: 0, pageLoad: 300000, script: 30000}, unhandledPromptBehavior: dismiss and notify, webauthn:extension:credBlob: true, webauthn:extension:largeBlob: true, webauthn:extension:minPinLength: true, webauthn:extension:prf: true, webauthn:virtualAuthenticators: true}
Session ID: 66448b8f24273e6005537b2881de7838
	at sun.reflect.NativeConstructorAccessorImpl.newInstance0(Native Method)
	at sun.reflect.NativeConstructorAccessorImpl.newInstance(NativeConstructorAccessorImpl.java:62)
	at sun.reflect.DelegatingConstructorAccessorImpl.newInstance(DelegatingConstructorAccessorImpl.java:45)
	at java.lang.reflect.Constructor.newInstance(Constructor.java:423)
	at org.openqa.selenium.remote.codec.w3c.W3CHttpResponseCodec.createException(W3CHttpResponseCodec.java:200)
	at org.openqa.selenium.remote.codec.w3c.W3CHttpResponseCodec.decode(W3CHttpResponseCodec.java:133)
	at org.openqa.selenium.remote.codec.w3c.W3CHttpResponseCodec.decode(W3CHttpResponseCodec.java:53)
	at org.openqa.selenium.remote.HttpCommandExecutor.execute(HttpCommandExecutor.java:184)
	at org.openqa.selenium.remote.service.DriverCommandExecutor.invokeExecute(DriverCommandExecutor.java:167)
	at org.openqa.selenium.remote.service.DriverCommandExecutor.execute(DriverCommandExecutor.java:142)
	at org.openqa.selenium.remote.RemoteWebDriver.execute(RemoteWebDriver.java:558)
	at org.openqa.selenium.remote.ElementLocation$ElementFinder$2.findElement(ElementLocation.java:162)
	at org.openqa.selenium.remote.ElementLocation.findElement(ElementLocation.java:60)
	at org.openqa.selenium.remote.RemoteWebDriver.findElement(RemoteWebDriver.java:382)
	at org.openqa.selenium.remote.RemoteWebDriver.findElement(RemoteWebDriver.java:374)
	at org.openqa.selenium.support.pagefactory.DefaultElementLocator.findElement(DefaultElementLocator.java:70)
	at org.openqa.selenium.support.pagefactory.internal.LocatingElementHandler.invoke(LocatingElementHandler.java:39)
	at com.sun.proxy.$Proxy22.isDisplayed(Unknown Source)
	at org.example.RegisterPage.verifyMessageBoxMustShow(RegisterPage.java:77)
	at step_definitions.RegisterSteps.verifyPopupMessage(RegisterSteps.java:64)
	at ✽.Then User will get the pop up message &quot;success edit class&quot;(features/UploadEditCourse.feature:138)
</error>
  </testcase>
  <testcase classname="Scenario: User do edit the profile picture" name="Scenario: User do edit the profile picture" time="0.235">
    <error message="no such element: Unable to locate element: {&quot;method&quot;:&quot;xpath&quot;,&quot;selector&quot;:&quot;//div[@class=&apos;swal2-html-container&apos;]&quot;}
  (Session info: chrome=114.0.5735.134)
For documentation on this error, please visit: https://selenium.dev/exceptions/#no_such_element
Build info: version: &apos;4.1.2&apos;, revision: &apos;9a5a329c5a&apos;
System info: host: &apos;DINDATASYA&apos;, ip: &apos;192.168.100.33&apos;, os.name: &apos;Windows 10&apos;, os.arch: &apos;amd64&apos;, os.version: &apos;10.0&apos;, java.version: &apos;1.8.0_361&apos;
Driver info: org.openqa.selenium.chrome.ChromeDriver
Command: [66448b8f24273e6005537b2881de7838, findElement {using=xpath, value=//div[@class=&apos;swal2-html-container&apos;]}]
Capabilities {acceptInsecureCerts: false, browserName: chrome, browserVersion: 114.0.5735.134, chrome: {chromedriverVersion: 114.0.5735.90 (386bc09e8f4f..., userDataDir: C:\Users\user\AppData\Local...}, goog:chromeOptions: {debuggerAddress: localhost:59527}, javascriptEnabled: true, networkConnectionEnabled: false, pageLoadStrategy: normal, platform: WINDOWS, platformName: WINDOWS, proxy: Proxy(), se:cdp: ws://localhost:59527/devtoo..., se:cdpVersion: 114.0.5735.134, setWindowRect: true, strictFileInteractability: false, timeouts: {implicit: 0, pageLoad: 300000, script: 30000}, unhandledPromptBehavior: dismiss and notify, webauthn:extension:credBlob: true, webauthn:extension:largeBlob: true, webauthn:extension:minPinLength: true, webauthn:extension:prf: true, webauthn:virtualAuthenticators: true}
Session ID: 66448b8f24273e6005537b2881de7838" type="org.openqa.selenium.NoSuchElementException">org.openqa.selenium.NoSuchElementException: no such element: Unable to locate element: {&quot;method&quot;:&quot;xpath&quot;,&quot;selector&quot;:&quot;//div[@class=&apos;swal2-html-container&apos;]&quot;}
  (Session info: chrome=114.0.5735.134)
For documentation on this error, please visit: https://selenium.dev/exceptions/#no_such_element
Build info: version: &apos;4.1.2&apos;, revision: &apos;9a5a329c5a&apos;
System info: host: &apos;DINDATASYA&apos;, ip: &apos;192.168.100.33&apos;, os.name: &apos;Windows 10&apos;, os.arch: &apos;amd64&apos;, os.version: &apos;10.0&apos;, java.version: &apos;1.8.0_361&apos;
Driver info: org.openqa.selenium.chrome.ChromeDriver
Command: [66448b8f24273e6005537b2881de7838, findElement {using=xpath, value=//div[@class=&apos;swal2-html-container&apos;]}]
Capabilities {acceptInsecureCerts: false, browserName: chrome, browserVersion: 114.0.5735.134, chrome: {chromedriverVersion: 114.0.5735.90 (386bc09e8f4f..., userDataDir: C:\Users\user\AppData\Local...}, goog:chromeOptions: {debuggerAddress: localhost:59527}, javascriptEnabled: true, networkConnectionEnabled: false, pageLoadStrategy: normal, platform: WINDOWS, platformName: WINDOWS, proxy: Proxy(), se:cdp: ws://localhost:59527/devtoo..., se:cdpVersion: 114.0.5735.134, setWindowRect: true, strictFileInteractability: false, timeouts: {implicit: 0, pageLoad: 300000, script: 30000}, unhandledPromptBehavior: dismiss and notify, webauthn:extension:credBlob: true, webauthn:extension:largeBlob: true, webauthn:extension:minPinLength: true, webauthn:extension:prf: true, webauthn:virtualAuthenticators: true}
Session ID: 66448b8f24273e6005537b2881de7838
	at sun.reflect.NativeConstructorAccessorImpl.newInstance0(Native Method)
	at sun.reflect.NativeConstructorAccessorImpl.newInstance(NativeConstructorAccessorImpl.java:62)
	at sun.reflect.DelegatingConstructorAccessorImpl.newInstance(DelegatingConstructorAccessorImpl.java:45)
	at java.lang.reflect.Constructor.newInstance(Constructor.java:423)
	at org.openqa.selenium.remote.codec.w3c.W3CHttpResponseCodec.createException(W3CHttpResponseCodec.java:200)
	at org.openqa.selenium.remote.codec.w3c.W3CHttpResponseCodec.decode(W3CHttpResponseCodec.java:133)
	at org.openqa.selenium.remote.codec.w3c.W3CHttpResponseCodec.decode(W3CHttpResponseCodec.java:53)
	at org.openqa.selenium.remote.HttpCommandExecutor.execute(HttpCommandExecutor.java:184)
	at org.openqa.selenium.remote.service.DriverCommandExecutor.invokeExecute(DriverCommandExecutor.java:167)
	at org.openqa.selenium.remote.service.DriverCommandExecutor.execute(DriverCommandExecutor.java:142)
	at org.openqa.selenium.remote.RemoteWebDriver.execute(RemoteWebDriver.java:558)
	at org.openqa.selenium.remote.ElementLocation$ElementFinder$2.findElement(ElementLocation.java:162)
	at org.openqa.selenium.remote.ElementLocation.findElement(ElementLocation.java:60)
	at org.openqa.selenium.remote.RemoteWebDriver.findElement(RemoteWebDriver.java:382)
	at org.openqa.selenium.remote.RemoteWebDriver.findElement(RemoteWebDriver.java:374)
	at org.openqa.selenium.support.pagefactory.DefaultElementLocator.findElement(DefaultElementLocator.java:70)
	at org.openqa.selenium.support.pagefactory.internal.LocatingElementHandler.invoke(LocatingElementHandler.java:39)
	at com.sun.proxy.$Proxy22.isDisplayed(Unknown Source)
	at org.example.RegisterPage.verifyMessageBoxMustShow(RegisterPage.java:77)
	at step_definitions.RegisterSteps.verifyPopupMessage(RegisterSteps.java:64)
	at ✽.Then User will get the pop up message &quot;success edit class&quot;(features/UploadEditCourse.feature:138)
</error>
  </testcase>
</testsuite>